#
# A fatal error has been detected by the Java Runtime Environment:
#
#  SIGSEGV (0xb) at pc=0x00000001716cdfd8, pid=83792, tid=25603
#
# JRE version: OpenJDK Runtime Environment Zulu15.40+19-CA (15.0.7+4) (build 15.0.7+4-MTS)
# Java VM: OpenJDK 64-Bit Server VM Zulu15.40+19-CA (15.0.7+4-MTS, mixed mode, tiered, compressed oops, g1 gc, bsd-aarch64)
# Problematic frame:
# V  [libjvm.dylib+0x1d1fd8]  _ZN12ciMethodData7data_atEi+0x1a0
#
# No core dump will be written. Core dumps have been disabled. To enable core dumping, try "ulimit -c unlimited" before starting Java again
#
# If you would like to submit a bug report, please visit:
#   http://www.azul.com/support/
#

---------------  S U M M A R Y ------------

Command Line: -Dfile.encoding=UTF8 -ea -Xmx1024m 

Host: MacBookAir10,1 arm64 1 MHz, 8 cores, 16G, Darwin 21.5.0
Time: Wed Aug  3 07:41:28 2022 UTC elapsed time: 0.080863 seconds (0d 0h 0m 0s)

---------------  T H R E A D  ---------------

Current thread (0x000000010ad34400):  JavaThread "C1 CompilerThread0" daemon [_thread_in_native, id=25603, stack(0x000000017f1fc000,0x000000017f3ff000)]


Current CompileTask:
C1:     80  154       3      